<?xml version="1.0" encoding="UTF-8"?>
<!-- Generated by org.testng.reporters.JUnitReportReporter -->
<testsuite hostname="WINDOWS-UNR7VLH" failures="0" tests="1" name="newTest.WomenModule" time="15.699" errors="0" timestamp="2022-10-25T19:30:42 IST" skipped="0">
  <testcase classname="newTest.WomenModule" name="f" time="15.699"/>
  <system-out/>
</testsuite> <!-- newTest.WomenModule -->
