<?xml version="1.0" encoding="UTF-8"?>
<!-- Generated by org.testng.reporters.JUnitReportReporter -->
<testsuite hostname="WINDOWS-UNR7VLH" failures="0" tests="1" name="newTest.MensFootwear" time="7.443" errors="0" timestamp="2022-10-25T20:01:32 IST" skipped="0">
  <testcase classname="newTest.MensFootwear" name="f" time="7.443"/>
  <system-out/>
</testsuite> <!-- newTest.MensFootwear -->
