<?xml version="1.0" encoding="UTF-8"?>
<!-- Generated by org.testng.reporters.JUnitReportReporter -->
<testsuite hostname="WINDOWS-UNR7VLH" failures="0" tests="1" name="newTest.LoginPage1" time="24.446" errors="0" timestamp="2022-10-27T19:48:46 IST" skipped="0">
  <testcase classname="newTest.LoginPage1" name="loginPage" time="24.446"/>
  <system-out/>
</testsuite> <!-- newTest.LoginPage1 -->
