<?xml version="1.0" encoding="UTF-8"?>
<!-- Generated by org.testng.reporters.JUnitReportReporter -->
<testsuite hostname="WINDOWS-UNR7VLH" failures="0" tests="1" name="test.CartAddress" time="9.091" errors="0" timestamp="2022-10-25T18:15:04 IST" skipped="0">
  <testcase classname="test.CartAddress" name="addressProceddings" time="9.091"/>
  <system-out/>
</testsuite> <!-- test.CartAddress -->
