<?xml version="1.0" encoding="UTF-8"?>
<!-- Generated by org.testng.reporters.JUnitReportReporter -->
<testsuite hostname="WINDOWS-UNR7VLH" failures="0" tests="5" name="test.EmailLogin" time="76.817" errors="0" timestamp="2022-10-25T20:28:39 IST" skipped="0">
  <testcase classname="test.EmailLogin" name="eMail" time="29.233"/>
  <system-out/>
  <testcase classname="test.EmailLogin" name="menModule" time="15.904"/>
  <system-out/>
  <testcase classname="test.EmailLogin" name="womenModule" time="20.364"/>
  <system-out/>
  <testcase classname="test.EmailLogin" name="thirdModule" time="9.140"/>
  <system-out/>
  <testcase classname="test.EmailLogin" name="cartOpening" time="2.176"/>
  <system-out/>
</testsuite> <!-- test.EmailLogin -->
