<?xml version="1.0" encoding="UTF-8"?>
<!-- Generated by org.testng.reporters.JUnitReportReporter -->
<testsuite hostname="WINDOWS-UNR7VLH" failures="0" tests="3" name="newTest.ModuleCombination" time="42.802" errors="0" timestamp="2022-10-25T20:03:10 IST" skipped="0">
  <testcase classname="newTest.ModuleCombination" name="menModule" time="15.634"/>
  <system-out/>
  <testcase classname="newTest.ModuleCombination" name="womenModule" time="20.833"/>
  <system-out/>
  <testcase classname="newTest.ModuleCombination" name="thirdModule" time="6.335"/>
  <system-out/>
</testsuite> <!-- newTest.ModuleCombination -->
