<?xml version="1.0" encoding="UTF-8"?>
<!-- Generated by org.testng.reporters.JUnitReportReporter -->
<testsuite hostname="WINDOWS-UNR7VLH" failures="0" tests="1" name="test.LoginPage" time="80.306" errors="0" timestamp="2022-10-22T02:17:22 IST" skipped="0">
  <testcase classname="test.LoginPage" name="Login" time="80.306"/>
  <system-out/>
</testsuite> <!-- test.LoginPage -->
